11:09:51 **** Incremental Build of configuration Debug for project LAB5 ****
make -j20 all 
arm-none-eabi-gcc "../Core/Src/main.c" -mcpu=cortex-m3 -std=gnu11 -g3 -DDEBUG -DUSE_HAL_DRIVER -DSTM32F103x6 -c -I../Core/Inc -I../Drivers/STM32F1xx_HAL_Driver/Inc -I../Drivers/STM32F1xx_HAL_Driver/Inc/Legacy -I../Drivers/CMSIS/Device/ST/STM32F1xx/Include -I../Drivers/CMSIS/Include -O0 -ffunction-sections -fdata-sections -Wall -fstack-usage -MMD -MP -MF"Core/Src/main.d" -MT"Core/Src/main.o" --specs=nano.specs -mfloat-abi=soft -mthumb -o "Core/Src/main.o"
../Core/Src/main.c: In function 'HAL_UART_RxCpltCallback':
../Core/Src/main.c:65:4: error: 'buffer' undeclared (first use in this function)
   65 |    buffer[index_buffer++] = temp;
      |    ^~~~~~
../Core/Src/main.c:65:4: note: each undeclared identifier is reported only once for each function it appears in
../Core/Src/main.c:65:11: error: 'index_buffer' undeclared (first use in this function)
   65 |    buffer[index_buffer++] = temp;
      |           ^~~~~~~~~~~~
../Core/Src/main.c:65:29: error: 'temp' undeclared (first use in this function)
   65 |    buffer[index_buffer++] = temp;
      |                             ^~~~
../Core/Src/main.c:67:4: error: 'buffer_flag' undeclared (first use in this function)
   67 |    buffer_flag = 1;
      |    ^~~~~~~~~~~
../Core/Src/main.c: In function 'HAL_SYSTICK_Callback':
../Core/Src/main.c:73:2: warning: implicit declaration of function 'timerRun' [-Wimplicit-function-declaration]
   73 |  timerRun();
      |  ^~~~~~~~
../Core/Src/main.c: In function 'main':
../Core/Src/main.c:109:33: error: 'temp' undeclared (first use in this function)
  109 |   HAL_UART_Receive_IT(&huart2, &temp, 1);
      |                                 ^~~~
make: *** [Core/Src/subdir.mk:40: Core/Src/main.o] Error 1
"make -j20 all" terminated with exit code 2. Build might be incomplete.
11:10:06 **** Incremental Build of configuration Debug for project LAB5 ****
make -j20 all 
arm-none-eabi-gcc "../Core/Src/main.c" -mcpu=cortex-m3 -std=gnu11 -g3 -DDEBUG -DUSE_HAL_DRIVER -DSTM32F103x6 -c -I../Core/Inc -I../Drivers/STM32F1xx_HAL_Driver/Inc -I../Drivers/STM32F1xx_HAL_Driver/Inc/Legacy -I../Drivers/CMSIS/Device/ST/STM32F1xx/Include -I../Drivers/CMSIS/Include -O0 -ffunction-sections -fdata-sections -Wall -fstack-usage -MMD -MP -MF"Core/Src/main.d" -MT"Core/Src/main.o" --specs=nano.specs -mfloat-abi=soft -mthumb -o "Core/Src/main.o"
../Core/Src/main.c: In function 'HAL_UART_RxCpltCallback':
../Core/Src/main.c:65:4: error: 'buffer' undeclared (first use in this function)
   65 |    buffer[index_buffer++] = temp;
      |    ^~~~~~
../Core/Src/main.c:65:4: note: each undeclared identifier is reported only once for each function it appears in
../Core/Src/main.c:65:11: error: 'index_buffer' undeclared (first use in this function)
   65 |    buffer[index_buffer++] = temp;
      |           ^~~~~~~~~~~~
../Core/Src/main.c:65:29: error: 'temp' undeclared (first use in this function)
   65 |    buffer[index_buffer++] = temp;
      |                             ^~~~
../Core/Src/main.c:67:4: error: 'buffer_flag' undeclared (first use in this function)
   67 |    buffer_flag = 1;
      |    ^~~~~~~~~~~
../Core/Src/main.c: In function 'HAL_SYSTICK_Callback':
../Core/Src/main.c:73:2: warning: implicit declaration of function 'timerRun' [-Wimplicit-function-declaration]
   73 |  timerRun();
      |  ^~~~~~~~
../Core/Src/main.c: In function 'main':
../Core/Src/main.c:109:33: error: 'temp' undeclared (first use in this function)
  109 |   HAL_UART_Receive_IT(&huart2, &temp, 1);
      |                                 ^~~~
make: *** [Core/Src/subdir.mk:40: Core/Src/main.o] Error 1
"make -j20 all" terminated with exit code 2. Build might be incomplete.
11:10:33 **** Incremental Build of configuration Debug for project LAB5 ****
make -j20 all 
arm-none-eabi-gcc "../Core/Src/main.c" -mcpu=cortex-m3 -std=gnu11 -g3 -DDEBUG -DUSE_HAL_DRIVER -DSTM32F103x6 -c -I../Core/Inc -I../Drivers/STM32F1xx_HAL_Driver/Inc -I../Drivers/STM32F1xx_HAL_Driver/Inc/Legacy -I../Drivers/CMSIS/Device/ST/STM32F1xx/Include -I../Drivers/CMSIS/Include -O0 -ffunction-sections -fdata-sections -Wall -fstack-usage -MMD -MP -MF"Core/Src/main.d" -MT"Core/Src/main.o" --specs=nano.specs -mfloat-abi=soft -mthumb -o "Core/Src/main.o"
../Core/Src/main.c: In function 'HAL_UART_RxCpltCallback':
../Core/Src/main.c:65:4: error: 'buffer' undeclared (first use in this function)
   65 |    buffer[index_buffer++] = temp;
      |    ^~~~~~
../Core/Src/main.c:65:4: note: each undeclared identifier is reported only once for each function it appears in
../Core/Src/main.c:65:11: error: 'index_buffer' undeclared (first use in this function)
   65 |    buffer[index_buffer++] = temp;
      |           ^~~~~~~~~~~~
../Core/Src/main.c:65:29: error: 'temp' undeclared (first use in this function)
   65 |    buffer[index_buffer++] = temp;
      |                             ^~~~
../Core/Src/main.c:67:4: error: 'buffer_flag' undeclared (first use in this function)
   67 |    buffer_flag = 1;
      |    ^~~~~~~~~~~
../Core/Src/main.c: In function 'HAL_SYSTICK_Callback':
../Core/Src/main.c:73:2: warning: implicit declaration of function 'timerRun' [-Wimplicit-function-declaration]
   73 |  timerRun();
      |  ^~~~~~~~
../Core/Src/main.c: In function 'main':
../Core/Src/main.c:109:33: error: 'temp' undeclared (first use in this function)
  109 |   HAL_UART_Receive_IT(&huart2, &temp, 1);
      |                                 ^~~~
make: *** [Core/Src/subdir.mk:40: Core/Src/main.o] Error 1
"make -j20 all" terminated with exit code 2. Build might be incomplete.
11:13:08 **** Incremental Build of configuration Debug for project LAB5 ****
make -j20 all 
arm-none-eabi-gcc "../Core/Src/fsm.c" -mcpu=cortex-m3 -std=gnu11 -g3 -DDEBUG -DUSE_HAL_DRIVER -DSTM32F103x6 -c -I../Core/Inc -I../Drivers/STM32F1xx_HAL_Driver/Inc -I../Drivers/STM32F1xx_HAL_Driver/Inc/Legacy -I../Drivers/CMSIS/Device/ST/STM32F1xx/Include -I../Drivers/CMSIS/Include -O0 -ffunction-sections -fdata-sections -Wall -fstack-usage -MMD -MP -MF"Core/Src/fsm.d" -MT"Core/Src/fsm.o" --specs=nano.specs -mfloat-abi=soft -mthumb -o "Core/Src/fsm.o"
arm-none-eabi-gcc "../Core/Src/main.c" -mcpu=cortex-m3 -std=gnu11 -g3 -DDEBUG -DUSE_HAL_DRIVER -DSTM32F103x6 -c -I../Core/Inc -I../Drivers/STM32F1xx_HAL_Driver/Inc -I../Drivers/STM32F1xx_HAL_Driver/Inc/Legacy -I../Drivers/CMSIS/Device/ST/STM32F1xx/Include -I../Drivers/CMSIS/Include -O0 -ffunction-sections -fdata-sections -Wall -fstack-usage -MMD -MP -MF"Core/Src/main.d" -MT"Core/Src/main.o" --specs=nano.specs -mfloat-abi=soft -mthumb -o "Core/Src/main.o"
../Core/Src/main.c: In function 'HAL_SYSTICK_Callback':
../Core/Src/main.c:74:2: warning: implicit declaration of function 'timerRun' [-Wimplicit-function-declaration]
   74 |  timerRun();
      |  ^~~~~~~~
arm-none-eabi-gcc -o "LAB5.elf" @"objects.list"   -mcpu=cortex-m3 -T"F:\HK251\VXL\LAB5\STM32F103C6UX_FLASH.ld" --specs=nosys.specs -Wl,-Map="LAB5.map" -Wl,--gc-sections -static --specs=nano.specs -mfloat-abi=soft -mthumb -Wl,--start-group -lc -lm -Wl,--end-group
Finished building target: LAB5.elf
 
arm-none-eabi-size   LAB5.elf 
arm-none-eabi-objdump -h -S  LAB5.elf  > "LAB5.list"
arm-none-eabi-objcopy  -O ihex  LAB5.elf  "LAB5.hex"
arm-none-eabi-objcopy  -O binary  LAB5.elf  "LAB5.bin"
   text	   data	    bss	    dec	    hex	filename
  13800	    120	   1768	  15688	   3d48	LAB5.elf
Finished building: default.size.stdout
 
Finished building: LAB5.hex
Finished building: LAB5.bin
 
 
Finished building: LAB5.list
 
11:15:58 **** Incremental Build of configuration Debug for project LAB5 ****
make -j20 all 
arm-none-eabi-gcc "../Core/Src/fsm.c" -mcpu=cortex-m3 -std=gnu11 -g3 -DDEBUG -DUSE_HAL_DRIVER -DSTM32F103x6 -c -I../Core/Inc -I../Drivers/STM32F1xx_HAL_Driver/Inc -I../Drivers/STM32F1xx_HAL_Driver/Inc/Legacy -I../Drivers/CMSIS/Device/ST/STM32F1xx/Include -I../Drivers/CMSIS/Include -O0 -ffunction-sections -fdata-sections -Wall -fstack-usage -MMD -MP -MF"Core/Src/fsm.d" -MT"Core/Src/fsm.o" --specs=nano.specs -mfloat-abi=soft -mthumb -o "Core/Src/fsm.o"
arm-none-eabi-gcc -o "LAB5.elf" @"objects.list"   -mcpu=cortex-m3 -T"F:\HK251\VXL\LAB5\STM32F103C6UX_FLASH.ld" --specs=nosys.specs -Wl,-Map="LAB5.map" -Wl,--gc-sections -static --specs=nano.specs -mfloat-abi=soft -mthumb -Wl,--start-group -lc -lm -Wl,--end-group
Finished building target: LAB5.elf
 
arm-none-eabi-size   LAB5.elf 
arm-none-eabi-objdump -h -S  LAB5.elf  > "LAB5.list"
arm-none-eabi-objcopy  -O ihex  LAB5.elf  "LAB5.hex"
   text	   data	    bss	    dec	    hex	filename
  13736	    120	   1768	  15624	   3d08	LAB5.elf
arm-none-eabi-objcopy  -O binary  LAB5.elf  "LAB5.bin"
Finished building: default.size.stdout
 
Finished building: LAB5.hex
Finished building: LAB5.bin
 
 
Finished building: LAB5.list
 
11:22:50 **** Incremental Build of configuration Debug for project LAB5 ****
make -j20 all 
arm-none-eabi-gcc "../Core/Src/fsm.c" -mcpu=cortex-m3 -std=gnu11 -g3 -DDEBUG -DUSE_HAL_DRIVER -DSTM32F103x6 -c -I../Core/Inc -I../Drivers/STM32F1xx_HAL_Driver/Inc -I../Drivers/STM32F1xx_HAL_Driver/Inc/Legacy -I../Drivers/CMSIS/Device/ST/STM32F1xx/Include -I../Drivers/CMSIS/Include -O0 -ffunction-sections -fdata-sections -Wall -fstack-usage -MMD -MP -MF"Core/Src/fsm.d" -MT"Core/Src/fsm.o" --specs=nano.specs -mfloat-abi=soft -mthumb -o "Core/Src/fsm.o"
arm-none-eabi-gcc "../Core/Src/main.c" -mcpu=cortex-m3 -std=gnu11 -g3 -DDEBUG -DUSE_HAL_DRIVER -DSTM32F103x6 -c -I../Core/Inc -I../Drivers/STM32F1xx_HAL_Driver/Inc -I../Drivers/STM32F1xx_HAL_Driver/Inc/Legacy -I../Drivers/CMSIS/Device/ST/STM32F1xx/Include -I../Drivers/CMSIS/Include -O0 -ffunction-sections -fdata-sections -Wall -fstack-usage -MMD -MP -MF"Core/Src/main.d" -MT"Core/Src/main.o" --specs=nano.specs -mfloat-abi=soft -mthumb -o "Core/Src/main.o"
arm-none-eabi-gcc -o "LAB5.elf" @"objects.list"   -mcpu=cortex-m3 -T"F:\HK251\VXL\LAB5\STM32F103C6UX_FLASH.ld" --specs=nosys.specs -Wl,-Map="LAB5.map" -Wl,--gc-sections -static --specs=nano.specs -mfloat-abi=soft -mthumb -Wl,--start-group -lc -lm -Wl,--end-group
Finished building target: LAB5.elf
 
arm-none-eabi-size   LAB5.elf 
arm-none-eabi-objdump -h -S  LAB5.elf  > "LAB5.list"
arm-none-eabi-objcopy  -O ihex  LAB5.elf  "LAB5.hex"
   text	   data	    bss	    dec	    hex	filename
  14852	    120	   1768	  16740	   4164	LAB5.elf
arm-none-eabi-objcopy  -O binary  LAB5.elf  "LAB5.bin"
Finished building: default.size.stdout
 
Finished building: LAB5.hex
Finished building: LAB5.bin
 
 
Finished building: LAB5.list
 
11:27:17 **** Incremental Build of configuration Debug for project LAB5 ****
make -j20 all 
arm-none-eabi-gcc "../Core/Src/fsm.c" -mcpu=cortex-m3 -std=gnu11 -g3 -DDEBUG -DUSE_HAL_DRIVER -DSTM32F103x6 -c -I../Core/Inc -I../Drivers/STM32F1xx_HAL_Driver/Inc -I../Drivers/STM32F1xx_HAL_Driver/Inc/Legacy -I../Drivers/CMSIS/Device/ST/STM32F1xx/Include -I../Drivers/CMSIS/Include -O0 -ffunction-sections -fdata-sections -Wall -fstack-usage -MMD -MP -MF"Core/Src/fsm.d" -MT"Core/Src/fsm.o" --specs=nano.specs -mfloat-abi=soft -mthumb -o "Core/Src/fsm.o"
arm-none-eabi-gcc -o "LAB5.elf" @"objects.list"   -mcpu=cortex-m3 -T"F:\HK251\VXL\LAB5\STM32F103C6UX_FLASH.ld" --specs=nosys.specs -Wl,-Map="LAB5.map" -Wl,--gc-sections -static --specs=nano.specs -mfloat-abi=soft -mthumb -Wl,--start-group -lc -lm -Wl,--end-group
Finished building target: LAB5.elf
 
arm-none-eabi-size   LAB5.elf 
arm-none-eabi-objdump -h -S  LAB5.elf  > "LAB5.list"
arm-none-eabi-objcopy  -O ihex  LAB5.elf  "LAB5.hex"
arm-none-eabi-objcopy  -O binary  LAB5.elf  "LAB5.bin"
   text	   data	    bss	    dec	    hex	filename
  14888	    120	   1768	  16776	   4188	LAB5.elf
Finished building: default.size.stdout
 
Finished building: LAB5.hex
Finished building: LAB5.bin
 
 
Finished building: LAB5.list
 
